TN:
SF:/home/gualtief/workspace/EngineerROI/PoorManSTwitter/PoorManSTwitterUI/src/config.js
FN:1,(anonymous_1)
FN:6,__webpack_require__
FN:37,(anonymous_3)
FN:48,(anonymous_4)
FN:50,getDefault
FN:51,getModuleExports
FN:57,(anonymous_7)
FN:69,(anonymous_8)
FNF:8
FNH:5
FNDA:1,(anonymous_1)
FNDA:1,__webpack_require__
FNDA:2,(anonymous_3)
FNDA:0,(anonymous_4)
FNDA:0,getDefault
FNDA:0,getModuleExports
FNDA:2,(anonymous_7)
FNDA:1,(anonymous_8)
DA:1,1
DA:3,1
DA:6,1
DA:9,1
DA:10,0
DA:13,1
DA:20,1
DA:23,1
DA:26,1
DA:31,1
DA:34,1
DA:37,1
DA:38,2
DA:39,2
DA:48,1
DA:49,0
DA:50,0
DA:51,0
DA:52,0
DA:53,0
DA:57,2
DA:60,1
DA:63,1
DA:72,1
LF:24
LH:18
BRDA:9,1,0,0
BRDA:9,1,1,1
BRDA:38,2,0,2
BRDA:38,2,1,0
BRDA:49,3,0,0
BRDA:49,3,1,0
BRDA:49,4,0,0
BRDA:49,4,1,0
BRF:8
BRH:2
end_of_record
TN:
SF:/home/gualtief/workspace/EngineerROI/PoorManSTwitter/PoorManSTwitterUI/src/main.js
FN:1,(anonymous_1)
FN:6,__webpack_require__
FN:37,(anonymous_3)
FN:48,(anonymous_4)
FN:50,getDefault
FN:51,getModuleExports
FN:57,(anonymous_7)
FN:68,(anonymous_8)
FN:75,(anonymous_9)
FN:82,(anonymous_10)
FN:89,(anonymous_11)
FN:96,(anonymous_12)
FN:103,(anonymous_13)
FN:110,(anonymous_14)
FN:117,(anonymous_15)
FN:124,(anonymous_16)
FN:131,(anonymous_17)
FN:138,(anonymous_18)
FN:144,(anonymous_19)
FN:151,(anonymous_20)
FN:157,(anonymous_21)
FN:164,(anonymous_22)
FN:171,(anonymous_23)
FN:178,(anonymous_24)
FN:185,(anonymous_25)
FN:192,(anonymous_26)
FN:199,(anonymous_27)
FN:206,(anonymous_28)
FN:212,(anonymous_29)
FN:218,(anonymous_30)
FN:224,(anonymous_31)
FN:231,(anonymous_32)
FN:238,(anonymous_33)
FN:245,(anonymous_34)
FN:252,(anonymous_35)
FN:259,(anonymous_36)
FN:266,(anonymous_37)
FN:273,(anonymous_38)
FN:280,(anonymous_39)
FN:287,(anonymous_40)
FN:294,(anonymous_41)
FN:301,(anonymous_42)
FN:308,(anonymous_43)
FN:315,(anonymous_44)
FN:322,(anonymous_45)
FN:329,(anonymous_46)
FN:336,(anonymous_47)
FN:343,(anonymous_48)
FN:349,(anonymous_49)
FN:355,(anonymous_50)
FN:361,(anonymous_51)
FN:367,(anonymous_52)
FN:373,(anonymous_53)
FN:379,(anonymous_54)
FN:386,(anonymous_55)
FN:393,(anonymous_56)
FN:400,(anonymous_57)
FN:407,(anonymous_58)
FN:414,(anonymous_59)
FN:421,(anonymous_60)
FN:428,(anonymous_61)
FN:435,(anonymous_62)
FN:442,(anonymous_63)
FN:449,(anonymous_64)
FN:456,(anonymous_65)
FN:463,(anonymous_66)
FN:470,(anonymous_67)
FN:477,(anonymous_68)
FN:484,(anonymous_69)
FN:491,(anonymous_70)
FN:498,(anonymous_71)
FN:505,(anonymous_72)
FN:512,(anonymous_73)
FN:519,(anonymous_74)
FN:526,(anonymous_75)
FN:533,(anonymous_76)
FN:540,(anonymous_77)
FN:547,(anonymous_78)
FN:554,(anonymous_79)
FN:561,(anonymous_80)
FN:568,(anonymous_81)
FN:575,(anonymous_82)
FN:582,(anonymous_83)
FN:589,(anonymous_84)
FN:596,(anonymous_85)
FN:603,(anonymous_86)
FN:610,(anonymous_87)
FN:617,(anonymous_88)
FN:624,(anonymous_89)
FN:631,(anonymous_90)
FN:638,(anonymous_91)
FN:644,(anonymous_92)
FN:650,(anonymous_93)
FN:657,(anonymous_94)
FN:663,(anonymous_95)
FN:669,(anonymous_96)
FN:676,(anonymous_97)
FN:682,(anonymous_98)
FN:689,(anonymous_99)
FN:696,(anonymous_100)
FN:703,(anonymous_101)
FN:710,(anonymous_102)
FN:717,(anonymous_103)
FN:724,(anonymous_104)
FN:730,(anonymous_105)
FN:736,(anonymous_106)
FN:743,(anonymous_107)
FN:750,(anonymous_108)
FN:757,(anonymous_109)
FN:764,(anonymous_110)
FN:771,(anonymous_111)
FN:778,(anonymous_112)
FN:785,(anonymous_113)
FN:792,(anonymous_114)
FN:799,(anonymous_115)
FN:806,(anonymous_116)
FN:813,(anonymous_117)
FN:820,(anonymous_118)
FN:827,(anonymous_119)
FN:834,(anonymous_120)
FN:841,(anonymous_121)
FN:848,(anonymous_122)
FN:855,(anonymous_123)
FN:862,(anonymous_124)
FN:869,(anonymous_125)
FN:876,(anonymous_126)
FN:883,(anonymous_127)
FN:890,(anonymous_128)
FN:897,(anonymous_129)
FN:904,(anonymous_130)
FN:911,(anonymous_131)
FN:918,(anonymous_132)
FN:925,(anonymous_133)
FN:932,(anonymous_134)
FN:938,(anonymous_135)
FN:944,(anonymous_136)
FN:951,(anonymous_137)
FN:958,(anonymous_138)
FN:965,(anonymous_139)
FN:972,(anonymous_140)
FN:979,(anonymous_141)
FN:986,(anonymous_142)
FN:993,(anonymous_143)
FN:1000,(anonymous_144)
FN:1007,(anonymous_145)
FN:1014,(anonymous_146)
FN:1021,(anonymous_147)
FN:1028,(anonymous_148)
FN:1035,(anonymous_149)
FN:1042,(anonymous_150)
FN:1049,(anonymous_151)
FN:1056,(anonymous_152)
FN:1062,(anonymous_153)
FN:1068,(anonymous_154)
FN:1075,(anonymous_155)
FN:1082,(anonymous_156)
FN:1089,(anonymous_157)
FN:1096,(anonymous_158)
FN:1103,(anonymous_159)
FN:1110,(anonymous_160)
FN:1117,(anonymous_161)
FN:1124,(anonymous_162)
FN:1131,(anonymous_163)
FN:1138,(anonymous_164)
FN:1145,(anonymous_165)
FN:1152,(anonymous_166)
FN:1159,(anonymous_167)
FN:1166,(anonymous_168)
FN:1173,(anonymous_169)
FN:1180,(anonymous_170)
FN:1187,(anonymous_171)
FN:1194,(anonymous_172)
FN:1201,(anonymous_173)
FN:1208,(anonymous_174)
FN:1215,(anonymous_175)
FN:1222,(anonymous_176)
FN:1229,(anonymous_177)
FN:1236,(anonymous_178)
FN:1243,(anonymous_179)
FN:1250,(anonymous_180)
FN:1257,(anonymous_181)
FN:1264,(anonymous_182)
FN:1271,(anonymous_183)
FN:1278,(anonymous_184)
FN:1285,(anonymous_185)
FN:1292,(anonymous_186)
FN:1299,(anonymous_187)
FN:1306,(anonymous_188)
FN:1313,(anonymous_189)
FN:1320,(anonymous_190)
FN:1327,(anonymous_191)
FN:1334,(anonymous_192)
FN:1341,(anonymous_193)
FN:1348,(anonymous_194)
FN:1355,(anonymous_195)
FN:1361,(anonymous_196)
FN:1367,(anonymous_197)
FN:1374,(anonymous_198)
FN:1380,(anonymous_199)
FN:1386,(anonymous_200)
FN:1393,(anonymous_201)
FN:1400,(anonymous_202)
FN:1407,(anonymous_203)
FN:1414,(anonymous_204)
FN:1421,(anonymous_205)
FN:1428,(anonymous_206)
FN:1435,(anonymous_207)
FN:1442,(anonymous_208)
FN:1449,(anonymous_209)
FN:1456,(anonymous_210)
FN:1463,(anonymous_211)
FN:1470,(anonymous_212)
FN:1477,(anonymous_213)
FN:1483,(anonymous_214)
FN:1489,(anonymous_215)
FN:1496,(anonymous_216)
FN:1502,(anonymous_217)
FN:1508,(anonymous_218)
FN:1514,(anonymous_219)
FN:1520,(anonymous_220)
FN:1527,(anonymous_221)
FN:1534,(anonymous_222)
FN:1541,(anonymous_223)
FN:1548,(anonymous_224)
FN:1555,(anonymous_225)
FN:1562,(anonymous_226)
FN:1569,(anonymous_227)
FN:1576,(anonymous_228)
FN:1583,(anonymous_229)
FN:1590,(anonymous_230)
FN:1597,(anonymous_231)
FN:1604,(anonymous_232)
FN:1611,(anonymous_233)
FN:1618,(anonymous_234)
FN:1625,(anonymous_235)
FN:1632,(anonymous_236)
FN:1639,(anonymous_237)
FN:1646,(anonymous_238)
FN:1653,(anonymous_239)
FN:1660,(anonymous_240)
FN:1667,(anonymous_241)
FN:1674,(anonymous_242)
FN:1681,(anonymous_243)
FN:1688,(anonymous_244)
FN:1695,(anonymous_245)
FN:1702,(anonymous_246)
FN:1709,(anonymous_247)
FN:1716,(anonymous_248)
FN:1723,(anonymous_249)
FN:1730,(anonymous_250)
FNF:250
FNH:249
FNDA:1,(anonymous_1)
FNDA:592,__webpack_require__
FNDA:97,(anonymous_3)
FNDA:14,(anonymous_4)
FNDA:1,getDefault
FNDA:5,getModuleExports
FNDA:97,(anonymous_7)
FNDA:1,(anonymous_8)
FNDA:1,(anonymous_9)
FNDA:1,(anonymous_10)
FNDA:1,(anonymous_11)
FNDA:1,(anonymous_12)
FNDA:1,(anonymous_13)
FNDA:1,(anonymous_14)
FNDA:1,(anonymous_15)
FNDA:1,(anonymous_16)
FNDA:1,(anonymous_17)
FNDA:1,(anonymous_18)
FNDA:1,(anonymous_19)
FNDA:1,(anonymous_20)
FNDA:1,(anonymous_21)
FNDA:1,(anonymous_22)
FNDA:1,(anonymous_23)
FNDA:1,(anonymous_24)
FNDA:1,(anonymous_25)
FNDA:1,(anonymous_26)
FNDA:1,(anonymous_27)
FNDA:1,(anonymous_28)
FNDA:1,(anonymous_29)
FNDA:1,(anonymous_30)
FNDA:1,(anonymous_31)
FNDA:1,(anonymous_32)
FNDA:1,(anonymous_33)
FNDA:1,(anonymous_34)
FNDA:1,(anonymous_35)
FNDA:1,(anonymous_36)
FNDA:1,(anonymous_37)
FNDA:1,(anonymous_38)
FNDA:1,(anonymous_39)
FNDA:1,(anonymous_40)
FNDA:1,(anonymous_41)
FNDA:1,(anonymous_42)
FNDA:1,(anonymous_43)
FNDA:1,(anonymous_44)
FNDA:1,(anonymous_45)
FNDA:1,(anonymous_46)
FNDA:1,(anonymous_47)
FNDA:1,(anonymous_48)
FNDA:1,(anonymous_49)
FNDA:1,(anonymous_50)
FNDA:1,(anonymous_51)
FNDA:1,(anonymous_52)
FNDA:1,(anonymous_53)
FNDA:1,(anonymous_54)
FNDA:1,(anonymous_55)
FNDA:1,(anonymous_56)
FNDA:1,(anonymous_57)
FNDA:1,(anonymous_58)
FNDA:1,(anonymous_59)
FNDA:1,(anonymous_60)
FNDA:1,(anonymous_61)
FNDA:1,(anonymous_62)
FNDA:1,(anonymous_63)
FNDA:1,(anonymous_64)
FNDA:1,(anonymous_65)
FNDA:1,(anonymous_66)
FNDA:1,(anonymous_67)
FNDA:1,(anonymous_68)
FNDA:1,(anonymous_69)
FNDA:1,(anonymous_70)
FNDA:1,(anonymous_71)
FNDA:1,(anonymous_72)
FNDA:1,(anonymous_73)
FNDA:1,(anonymous_74)
FNDA:1,(anonymous_75)
FNDA:1,(anonymous_76)
FNDA:1,(anonymous_77)
FNDA:1,(anonymous_78)
FNDA:1,(anonymous_79)
FNDA:1,(anonymous_80)
FNDA:1,(anonymous_81)
FNDA:1,(anonymous_82)
FNDA:1,(anonymous_83)
FNDA:1,(anonymous_84)
FNDA:1,(anonymous_85)
FNDA:1,(anonymous_86)
FNDA:1,(anonymous_87)
FNDA:1,(anonymous_88)
FNDA:1,(anonymous_89)
FNDA:1,(anonymous_90)
FNDA:1,(anonymous_91)
FNDA:1,(anonymous_92)
FNDA:1,(anonymous_93)
FNDA:1,(anonymous_94)
FNDA:1,(anonymous_95)
FNDA:1,(anonymous_96)
FNDA:1,(anonymous_97)
FNDA:1,(anonymous_98)
FNDA:1,(anonymous_99)
FNDA:1,(anonymous_100)
FNDA:1,(anonymous_101)
FNDA:1,(anonymous_102)
FNDA:1,(anonymous_103)
FNDA:1,(anonymous_104)
FNDA:1,(anonymous_105)
FNDA:1,(anonymous_106)
FNDA:1,(anonymous_107)
FNDA:1,(anonymous_108)
FNDA:1,(anonymous_109)
FNDA:1,(anonymous_110)
FNDA:1,(anonymous_111)
FNDA:1,(anonymous_112)
FNDA:1,(anonymous_113)
FNDA:1,(anonymous_114)
FNDA:1,(anonymous_115)
FNDA:1,(anonymous_116)
FNDA:1,(anonymous_117)
FNDA:1,(anonymous_118)
FNDA:1,(anonymous_119)
FNDA:1,(anonymous_120)
FNDA:1,(anonymous_121)
FNDA:1,(anonymous_122)
FNDA:1,(anonymous_123)
FNDA:1,(anonymous_124)
FNDA:1,(anonymous_125)
FNDA:1,(anonymous_126)
FNDA:1,(anonymous_127)
FNDA:1,(anonymous_128)
FNDA:1,(anonymous_129)
FNDA:1,(anonymous_130)
FNDA:1,(anonymous_131)
FNDA:1,(anonymous_132)
FNDA:1,(anonymous_133)
FNDA:1,(anonymous_134)
FNDA:1,(anonymous_135)
FNDA:1,(anonymous_136)
FNDA:1,(anonymous_137)
FNDA:1,(anonymous_138)
FNDA:1,(anonymous_139)
FNDA:1,(anonymous_140)
FNDA:1,(anonymous_141)
FNDA:1,(anonymous_142)
FNDA:1,(anonymous_143)
FNDA:1,(anonymous_144)
FNDA:1,(anonymous_145)
FNDA:1,(anonymous_146)
FNDA:1,(anonymous_147)
FNDA:1,(anonymous_148)
FNDA:1,(anonymous_149)
FNDA:1,(anonymous_150)
FNDA:1,(anonymous_151)
FNDA:1,(anonymous_152)
FNDA:1,(anonymous_153)
FNDA:1,(anonymous_154)
FNDA:1,(anonymous_155)
FNDA:1,(anonymous_156)
FNDA:1,(anonymous_157)
FNDA:1,(anonymous_158)
FNDA:1,(anonymous_159)
FNDA:1,(anonymous_160)
FNDA:1,(anonymous_161)
FNDA:1,(anonymous_162)
FNDA:1,(anonymous_163)
FNDA:1,(anonymous_164)
FNDA:1,(anonymous_165)
FNDA:1,(anonymous_166)
FNDA:1,(anonymous_167)
FNDA:1,(anonymous_168)
FNDA:1,(anonymous_169)
FNDA:1,(anonymous_170)
FNDA:1,(anonymous_171)
FNDA:1,(anonymous_172)
FNDA:1,(anonymous_173)
FNDA:1,(anonymous_174)
FNDA:1,(anonymous_175)
FNDA:1,(anonymous_176)
FNDA:1,(anonymous_177)
FNDA:1,(anonymous_178)
FNDA:1,(anonymous_179)
FNDA:1,(anonymous_180)
FNDA:1,(anonymous_181)
FNDA:1,(anonymous_182)
FNDA:1,(anonymous_183)
FNDA:1,(anonymous_184)
FNDA:1,(anonymous_185)
FNDA:1,(anonymous_186)
FNDA:1,(anonymous_187)
FNDA:1,(anonymous_188)
FNDA:1,(anonymous_189)
FNDA:1,(anonymous_190)
FNDA:1,(anonymous_191)
FNDA:1,(anonymous_192)
FNDA:1,(anonymous_193)
FNDA:1,(anonymous_194)
FNDA:1,(anonymous_195)
FNDA:1,(anonymous_196)
FNDA:1,(anonymous_197)
FNDA:1,(anonymous_198)
FNDA:1,(anonymous_199)
FNDA:1,(anonymous_200)
FNDA:1,(anonymous_201)
FNDA:1,(anonymous_202)
FNDA:1,(anonymous_203)
FNDA:1,(anonymous_204)
FNDA:1,(anonymous_205)
FNDA:1,(anonymous_206)
FNDA:1,(anonymous_207)
FNDA:1,(anonymous_208)
FNDA:1,(anonymous_209)
FNDA:1,(anonymous_210)
FNDA:1,(anonymous_211)
FNDA:1,(anonymous_212)
FNDA:1,(anonymous_213)
FNDA:1,(anonymous_214)
FNDA:1,(anonymous_215)
FNDA:1,(anonymous_216)
FNDA:1,(anonymous_217)
FNDA:1,(anonymous_218)
FNDA:1,(anonymous_219)
FNDA:1,(anonymous_220)
FNDA:1,(anonymous_221)
FNDA:1,(anonymous_222)
FNDA:1,(anonymous_223)
FNDA:1,(anonymous_224)
FNDA:0,(anonymous_225)
FNDA:1,(anonymous_226)
FNDA:1,(anonymous_227)
FNDA:1,(anonymous_228)
FNDA:1,(anonymous_229)
FNDA:1,(anonymous_230)
FNDA:1,(anonymous_231)
FNDA:1,(anonymous_232)
FNDA:1,(anonymous_233)
FNDA:1,(anonymous_234)
FNDA:1,(anonymous_235)
FNDA:1,(anonymous_236)
FNDA:1,(anonymous_237)
FNDA:1,(anonymous_238)
FNDA:1,(anonymous_239)
FNDA:1,(anonymous_240)
FNDA:1,(anonymous_241)
FNDA:1,(anonymous_242)
FNDA:1,(anonymous_243)
FNDA:1,(anonymous_244)
FNDA:1,(anonymous_245)
FNDA:1,(anonymous_246)
FNDA:1,(anonymous_247)
FNDA:1,(anonymous_248)
FNDA:1,(anonymous_249)
FNDA:1,(anonymous_250)
DA:1,1
DA:3,1
DA:6,1
DA:9,592
DA:10,350
DA:13,242
DA:20,242
DA:23,242
DA:26,242
DA:31,1
DA:34,1
DA:37,1
DA:38,97
DA:39,97
DA:48,1
DA:49,14
DA:50,1
DA:51,5
DA:52,14
DA:53,14
DA:57,97
DA:60,1
DA:63,1
DA:71,1
DA:78,1
DA:85,1
DA:92,1
DA:99,1
DA:106,1
DA:113,1
DA:120,1
DA:127,1
DA:134,1
DA:140,1
DA:147,1
DA:153,1
DA:160,1
DA:167,1
DA:174,1
DA:181,1
DA:188,1
DA:195,1
DA:202,1
DA:208,1
DA:214,1
DA:220,1
DA:227,1
DA:234,1
DA:241,1
DA:248,1
DA:255,1
DA:262,1
DA:269,1
DA:276,1
DA:283,1
DA:290,1
DA:297,1
DA:304,1
DA:311,1
DA:318,1
DA:325,1
DA:332,1
DA:339,1
DA:345,1
DA:351,1
DA:357,1
DA:363,1
DA:369,1
DA:375,1
DA:382,1
DA:389,1
DA:396,1
DA:403,1
DA:410,1
DA:417,1
DA:424,1
DA:431,1
DA:438,1
DA:445,1
DA:452,1
DA:459,1
DA:466,1
DA:473,1
DA:480,1
DA:487,1
DA:494,1
DA:501,1
DA:508,1
DA:515,1
DA:522,1
DA:529,1
DA:536,1
DA:543,1
DA:550,1
DA:557,1
DA:564,1
DA:571,1
DA:578,1
DA:585,1
DA:592,1
DA:599,1
DA:606,1
DA:613,1
DA:620,1
DA:627,1
DA:634,1
DA:640,1
DA:646,1
DA:653,1
DA:659,1
DA:665,1
DA:672,1
DA:678,1
DA:685,1
DA:692,1
DA:699,1
DA:706,1
DA:713,1
DA:720,1
DA:726,1
DA:732,1
DA:739,1
DA:746,1
DA:753,1
DA:760,1
DA:767,1
DA:774,1
DA:781,1
DA:788,1
DA:795,1
DA:802,1
DA:809,1
DA:816,1
DA:823,1
DA:830,1
DA:837,1
DA:844,1
DA:851,1
DA:858,1
DA:865,1
DA:872,1
DA:879,1
DA:886,1
DA:893,1
DA:900,1
DA:907,1
DA:914,1
DA:921,1
DA:928,1
DA:934,1
DA:940,1
DA:947,1
DA:954,1
DA:961,1
DA:968,1
DA:975,1
DA:982,1
DA:989,1
DA:996,1
DA:1003,1
DA:1010,1
DA:1017,1
DA:1024,1
DA:1031,1
DA:1038,1
DA:1045,1
DA:1052,1
DA:1058,1
DA:1064,1
DA:1071,1
DA:1078,1
DA:1085,1
DA:1092,1
DA:1099,1
DA:1106,1
DA:1113,1
DA:1120,1
DA:1127,1
DA:1134,1
DA:1141,1
DA:1148,1
DA:1155,1
DA:1162,1
DA:1169,1
DA:1176,1
DA:1183,1
DA:1190,1
DA:1197,1
DA:1204,1
DA:1211,1
DA:1218,1
DA:1225,1
DA:1232,1
DA:1239,1
DA:1246,1
DA:1253,1
DA:1260,1
DA:1267,1
DA:1274,1
DA:1281,1
DA:1288,1
DA:1295,1
DA:1302,1
DA:1309,1
DA:1316,1
DA:1323,1
DA:1330,1
DA:1337,1
DA:1344,1
DA:1351,1
DA:1357,1
DA:1363,1
DA:1370,1
DA:1376,1
DA:1382,1
DA:1389,1
DA:1396,1
DA:1403,1
DA:1410,1
DA:1417,1
DA:1424,1
DA:1431,1
DA:1438,1
DA:1445,1
DA:1452,1
DA:1459,1
DA:1466,1
DA:1473,1
DA:1479,1
DA:1485,1
DA:1492,1
DA:1498,1
DA:1504,1
DA:1510,1
DA:1516,1
DA:1523,1
DA:1530,1
DA:1537,1
DA:1544,1
DA:1551,1
DA:1558,0
DA:1565,1
DA:1572,1
DA:1579,1
DA:1586,1
DA:1593,1
DA:1600,1
DA:1607,1
DA:1614,1
DA:1621,1
DA:1628,1
DA:1635,1
DA:1642,1
DA:1649,1
DA:1656,1
DA:1663,1
DA:1670,1
DA:1677,1
DA:1684,1
DA:1691,1
DA:1698,1
DA:1705,1
DA:1712,1
DA:1719,1
DA:1726,1
DA:1732,1
LF:266
LH:265
BRDA:9,1,0,350
BRDA:9,1,1,242
BRDA:38,2,0,97
BRDA:38,2,1,0
BRDA:49,3,0,3
BRDA:49,3,1,11
BRDA:49,4,0,14
BRDA:49,4,1,14
BRF:8
BRH:7
end_of_record
